2023-10-09 08:42:52,311 | INFO  | Using Persistence Adapter: KahaDBPersistenceAdapter[C:\Users\ibrah\OneDrive\Bureau\MWSOC\mwSockets\MOM-JMS\apache-activemq-5.18.2-bin\apache-activemq-5.18.2\bin\..\data\kahadb] | org.apache.activemq.broker.BrokerService | main
2023-10-09 08:42:52,320 | INFO  | Starting Persistence Adapter: KahaDBPersistenceAdapter[C:\Users\ibrah\OneDrive\Bureau\MWSOC\mwSockets\MOM-JMS\apache-activemq-5.18.2-bin\apache-activemq-5.18.2\bin\..\data\kahadb] | org.apache.activemq.broker.BrokerService | main
2023-10-09 08:42:52,352 | INFO  | Starting KahaDBStore | org.apache.activemq.store.kahadb.KahaDBStore | main
2023-10-09 08:42:52,352 | INFO  | Opening MessageDatabase | org.apache.activemq.store.kahadb.MessageDatabase | main
2023-10-09 08:42:52,857 | INFO  | Starting Temp Data Store | org.apache.activemq.broker.BrokerService | main
2023-10-09 08:42:52,858 | INFO  | PListStore:[C:\Users\ibrah\OneDrive\Bureau\MWSOC\mwSockets\MOM-JMS\apache-activemq-5.18.2-bin\apache-activemq-5.18.2\bin\..\data\localhost\tmp_storage] started | org.apache.activemq.store.kahadb.plist.PListStoreImpl | main
2023-10-09 08:42:52,858 | INFO  | Starting Job Scheduler Store | org.apache.activemq.broker.BrokerService | main
2023-10-09 08:42:52,858 | INFO  | Persistence Adapter successfully started | org.apache.activemq.broker.BrokerService | main
2023-10-09 08:42:53,012 | INFO  | Apache ActiveMQ 5.18.2 (localhost, ID:LAPTOP-9CTV1VL9-51243-1696833772867-0:1) is starting | org.apache.activemq.broker.BrokerService | main
2023-10-09 08:42:53,030 | INFO  | Listening for connections at: tcp://LAPTOP-9CTV1VL9:61616?maximumConnections=1000&wireFormat.maxFrameSize=104857600 | org.apache.activemq.transport.TransportServerThreadSupport | main
2023-10-09 08:42:53,030 | INFO  | Connector openwire started | org.apache.activemq.broker.TransportConnector | main
2023-10-09 08:42:53,033 | INFO  | Listening for connections at: amqp://LAPTOP-9CTV1VL9:5672?maximumConnections=1000&wireFormat.maxFrameSize=104857600 | org.apache.activemq.transport.TransportServerThreadSupport | main
2023-10-09 08:42:53,034 | INFO  | Connector amqp started | org.apache.activemq.broker.TransportConnector | main
2023-10-09 08:42:53,037 | INFO  | Listening for connections at: stomp://LAPTOP-9CTV1VL9:61613?maximumConnections=1000&wireFormat.maxFrameSize=104857600 | org.apache.activemq.transport.TransportServerThreadSupport | main
2023-10-09 08:42:53,037 | INFO  | Connector stomp started | org.apache.activemq.broker.TransportConnector | main
2023-10-09 08:42:53,041 | INFO  | Listening for connections at: mqtt://LAPTOP-9CTV1VL9:1883?maximumConnections=1000&wireFormat.maxFrameSize=104857600 | org.apache.activemq.transport.TransportServerThreadSupport | main
2023-10-09 08:42:53,041 | INFO  | Connector mqtt started | org.apache.activemq.broker.TransportConnector | main
2023-10-09 08:42:53,047 | INFO  | Starting Jetty server | org.apache.activemq.transport.WebTransportServerSupport | main
2023-10-09 08:42:53,088 | INFO  | Creating Jetty connector | org.apache.activemq.transport.WebTransportServerSupport | main
2023-10-09 08:42:53,143 | WARN  | ServletContext@o.e.j.s.ServletContextHandler@5ef6fd7f{/,null,STARTING} has uncovered http methods for path: / | org.eclipse.jetty.security.SecurityHandler | main
2023-10-09 08:42:53,247 | INFO  | Listening for connections at ws://LAPTOP-9CTV1VL9:61614?maximumConnections=1000&wireFormat.maxFrameSize=104857600 | org.apache.activemq.transport.ws.WSTransportServer | main
2023-10-09 08:42:53,247 | INFO  | Connector ws started | org.apache.activemq.broker.TransportConnector | main
2023-10-09 08:42:53,247 | INFO  | Apache ActiveMQ 5.18.2 (localhost, ID:LAPTOP-9CTV1VL9-51243-1696833772867-0:1) started | org.apache.activemq.broker.BrokerService | main
2023-10-09 08:42:53,247 | INFO  | For help or more information please see: http://activemq.apache.org | org.apache.activemq.broker.BrokerService | main
2023-10-09 08:42:53,259 | WARN  | Store limit is 102400 mb (current store usage is 0 mb). The data directory: C:\Users\ibrah\OneDrive\Bureau\MWSOC\mwSockets\MOM-JMS\apache-activemq-5.18.2-bin\apache-activemq-5.18.2\bin\..\data\kahadb only has 44558 mb of usable space. - resetting to maximum available disk space: 44558 mb | org.apache.activemq.broker.BrokerService | main
2023-10-09 08:42:53,262 | WARN  | Temporary Store limit is 51200 mb (current store usage is 0 mb). The data directory: C:\Users\ibrah\OneDrive\Bureau\MWSOC\mwSockets\MOM-JMS\apache-activemq-5.18.2-bin\apache-activemq-5.18.2\bin\..\data only has 44558 mb of usable space. - resetting to maximum available disk space: 44558 mb | org.apache.activemq.broker.BrokerService | main
2023-10-09 08:42:53,916 | INFO  | ActiveMQ WebConsole available at http://127.0.0.1:8161/ | org.apache.activemq.web.WebConsoleStarter | main
2023-10-09 08:42:53,916 | INFO  | ActiveMQ Jolokia REST API available at http://127.0.0.1:8161/api/jolokia/ | org.apache.activemq.web.WebConsoleStarter | main
2023-10-09 08:45:25,764 | INFO  | Using Persistence Adapter: KahaDBPersistenceAdapter[C:\Users\ibrah\OneDrive\Bureau\MWSOC\mwSockets\MOM-JMS\apache-activemq-5.18.2\bin\..\data\kahadb] | org.apache.activemq.broker.BrokerService | main
2023-10-09 08:45:25,770 | INFO  | Starting Persistence Adapter: KahaDBPersistenceAdapter[C:\Users\ibrah\OneDrive\Bureau\MWSOC\mwSockets\MOM-JMS\apache-activemq-5.18.2\bin\..\data\kahadb] | org.apache.activemq.broker.BrokerService | main
2023-10-09 08:45:25,794 | INFO  | Starting KahaDBStore | org.apache.activemq.store.kahadb.KahaDBStore | main
2023-10-09 08:45:25,794 | INFO  | Opening MessageDatabase | org.apache.activemq.store.kahadb.MessageDatabase | main
2023-10-09 08:45:25,832 | INFO  | Page File: C:\Users\ibrah\OneDrive\Bureau\MWSOC\mwSockets\MOM-JMS\apache-activemq-5.18.2\bin\..\data\kahadb\db.data. Recovering pageFile free list due to prior unclean shutdown.. | org.apache.activemq.store.kahadb.disk.page.PageFile | KahaDB Index Free Page Recovery
2023-10-09 08:45:25,837 | INFO  | KahaDB is version 7 | org.apache.activemq.store.kahadb.MessageDatabase | main
2023-10-09 08:45:25,843 | INFO  | Page File: C:\Users\ibrah\OneDrive\Bureau\MWSOC\mwSockets\MOM-JMS\apache-activemq-5.18.2\bin\..\data\kahadb\db.data. Recovered pageFile free list of size: 0 | org.apache.activemq.store.kahadb.disk.page.PageFile | KahaDB Index Free Page Recovery
2023-10-09 08:45:25,980 | INFO  | Starting Temp Data Store | org.apache.activemq.broker.BrokerService | main
2023-10-09 08:45:25,981 | INFO  | PListStore:[C:\Users\ibrah\OneDrive\Bureau\MWSOC\mwSockets\MOM-JMS\apache-activemq-5.18.2\bin\..\data\localhost\tmp_storage] started | org.apache.activemq.store.kahadb.plist.PListStoreImpl | main
2023-10-09 08:45:25,981 | INFO  | Starting Job Scheduler Store | org.apache.activemq.broker.BrokerService | main
2023-10-09 08:45:25,981 | INFO  | Persistence Adapter successfully started | org.apache.activemq.broker.BrokerService | main
2023-10-09 08:45:26,134 | INFO  | Apache ActiveMQ 5.18.2 (localhost, ID:LAPTOP-9CTV1VL9-51271-1696833925990-0:1) is starting | org.apache.activemq.broker.BrokerService | main
2023-10-09 08:45:26,154 | INFO  | Listening for connections at: tcp://LAPTOP-9CTV1VL9:61616?maximumConnections=1000&wireFormat.maxFrameSize=104857600 | org.apache.activemq.transport.TransportServerThreadSupport | main
2023-10-09 08:45:26,155 | INFO  | Connector openwire started | org.apache.activemq.broker.TransportConnector | main
2023-10-09 08:45:26,160 | INFO  | Listening for connections at: amqp://LAPTOP-9CTV1VL9:5672?maximumConnections=1000&wireFormat.maxFrameSize=104857600 | org.apache.activemq.transport.TransportServerThreadSupport | main
2023-10-09 08:45:26,161 | INFO  | Connector amqp started | org.apache.activemq.broker.TransportConnector | main
2023-10-09 08:45:26,166 | INFO  | Listening for connections at: stomp://LAPTOP-9CTV1VL9:61613?maximumConnections=1000&wireFormat.maxFrameSize=104857600 | org.apache.activemq.transport.TransportServerThreadSupport | main
2023-10-09 08:45:26,168 | INFO  | Connector stomp started | org.apache.activemq.broker.TransportConnector | main
2023-10-09 08:45:26,171 | INFO  | Listening for connections at: mqtt://LAPTOP-9CTV1VL9:1883?maximumConnections=1000&wireFormat.maxFrameSize=104857600 | org.apache.activemq.transport.TransportServerThreadSupport | main
2023-10-09 08:45:26,172 | INFO  | Connector mqtt started | org.apache.activemq.broker.TransportConnector | main
2023-10-09 08:45:26,185 | INFO  | Starting Jetty server | org.apache.activemq.transport.WebTransportServerSupport | main
2023-10-09 08:45:26,226 | INFO  | Creating Jetty connector | org.apache.activemq.transport.WebTransportServerSupport | main
2023-10-09 08:45:26,281 | WARN  | ServletContext@o.e.j.s.ServletContextHandler@5e1d03d7{/,null,STARTING} has uncovered http methods for path: / | org.eclipse.jetty.security.SecurityHandler | main
2023-10-09 08:45:26,358 | INFO  | Listening for connections at ws://LAPTOP-9CTV1VL9:61614?maximumConnections=1000&wireFormat.maxFrameSize=104857600 | org.apache.activemq.transport.ws.WSTransportServer | main
2023-10-09 08:45:26,358 | INFO  | Connector ws started | org.apache.activemq.broker.TransportConnector | main
2023-10-09 08:45:26,359 | INFO  | Apache ActiveMQ 5.18.2 (localhost, ID:LAPTOP-9CTV1VL9-51271-1696833925990-0:1) started | org.apache.activemq.broker.BrokerService | main
2023-10-09 08:45:26,359 | INFO  | For help or more information please see: http://activemq.apache.org | org.apache.activemq.broker.BrokerService | main
2023-10-09 08:45:26,371 | WARN  | Store limit is 102400 mb (current store usage is 0 mb). The data directory: C:\Users\ibrah\OneDrive\Bureau\MWSOC\mwSockets\MOM-JMS\apache-activemq-5.18.2\bin\..\data\kahadb only has 44567 mb of usable space. - resetting to maximum available disk space: 44567 mb | org.apache.activemq.broker.BrokerService | main
2023-10-09 08:45:26,373 | WARN  | Temporary Store limit is 51200 mb (current store usage is 0 mb). The data directory: C:\Users\ibrah\OneDrive\Bureau\MWSOC\mwSockets\MOM-JMS\apache-activemq-5.18.2\bin\..\data only has 44567 mb of usable space. - resetting to maximum available disk space: 44567 mb | org.apache.activemq.broker.BrokerService | main
2023-10-09 08:45:27,010 | INFO  | ActiveMQ WebConsole available at http://127.0.0.1:8161/ | org.apache.activemq.web.WebConsoleStarter | main
2023-10-09 08:45:27,010 | INFO  | ActiveMQ Jolokia REST API available at http://127.0.0.1:8161/api/jolokia/ | org.apache.activemq.web.WebConsoleStarter | main
2023-10-09 09:55:51,389 | INFO  | Using Persistence Adapter: KahaDBPersistenceAdapter[C:\Users\ibrah\OneDrive\Bureau\MWSOC\mwSockets\MOM-JMS\apache-activemq-5.18.2\bin\..\data\kahadb] | org.apache.activemq.broker.BrokerService | main
2023-10-09 09:55:51,395 | INFO  | Starting Persistence Adapter: KahaDBPersistenceAdapter[C:\Users\ibrah\OneDrive\Bureau\MWSOC\mwSockets\MOM-JMS\apache-activemq-5.18.2\bin\..\data\kahadb] | org.apache.activemq.broker.BrokerService | main
2023-10-09 09:55:51,415 | INFO  | Starting KahaDBStore | org.apache.activemq.store.kahadb.KahaDBStore | main
2023-10-09 09:55:51,416 | INFO  | Opening MessageDatabase | org.apache.activemq.store.kahadb.MessageDatabase | main
2023-10-09 09:55:51,449 | INFO  | Page File: C:\Users\ibrah\OneDrive\Bureau\MWSOC\mwSockets\MOM-JMS\apache-activemq-5.18.2\bin\..\data\kahadb\db.data. Recovering pageFile free list due to prior unclean shutdown.. | org.apache.activemq.store.kahadb.disk.page.PageFile | KahaDB Index Free Page Recovery
2023-10-09 09:55:51,462 | INFO  | KahaDB is version 7 | org.apache.activemq.store.kahadb.MessageDatabase | main
2023-10-09 09:55:51,462 | INFO  | Page File: C:\Users\ibrah\OneDrive\Bureau\MWSOC\mwSockets\MOM-JMS\apache-activemq-5.18.2\bin\..\data\kahadb\db.data. Recovered pageFile free list of size: 0 | org.apache.activemq.store.kahadb.disk.page.PageFile | KahaDB Index Free Page Recovery
2023-10-09 09:55:51,595 | INFO  | Starting Temp Data Store | org.apache.activemq.broker.BrokerService | main
2023-10-09 09:55:51,596 | INFO  | PListStore:[C:\Users\ibrah\OneDrive\Bureau\MWSOC\mwSockets\MOM-JMS\apache-activemq-5.18.2\bin\..\data\localhost\tmp_storage] started | org.apache.activemq.store.kahadb.plist.PListStoreImpl | main
2023-10-09 09:55:51,597 | INFO  | Starting Job Scheduler Store | org.apache.activemq.broker.BrokerService | main
2023-10-09 09:55:51,597 | INFO  | Persistence Adapter successfully started | org.apache.activemq.broker.BrokerService | main
2023-10-09 09:55:51,753 | INFO  | Apache ActiveMQ 5.18.2 (localhost, ID:LAPTOP-9CTV1VL9-52236-1696838151605-0:1) is starting | org.apache.activemq.broker.BrokerService | main
2023-10-09 09:55:51,766 | INFO  | Listening for connections at: tcp://LAPTOP-9CTV1VL9:61616?maximumConnections=1000&wireFormat.maxFrameSize=104857600 | org.apache.activemq.transport.TransportServerThreadSupport | main
2023-10-09 09:55:51,767 | INFO  | Connector openwire started | org.apache.activemq.broker.TransportConnector | main
2023-10-09 09:55:51,771 | INFO  | Listening for connections at: amqp://LAPTOP-9CTV1VL9:5672?maximumConnections=1000&wireFormat.maxFrameSize=104857600 | org.apache.activemq.transport.TransportServerThreadSupport | main
2023-10-09 09:55:51,771 | INFO  | Connector amqp started | org.apache.activemq.broker.TransportConnector | main
2023-10-09 09:55:51,774 | INFO  | Listening for connections at: stomp://LAPTOP-9CTV1VL9:61613?maximumConnections=1000&wireFormat.maxFrameSize=104857600 | org.apache.activemq.transport.TransportServerThreadSupport | main
2023-10-09 09:55:51,774 | INFO  | Connector stomp started | org.apache.activemq.broker.TransportConnector | main
2023-10-09 09:55:51,778 | INFO  | Listening for connections at: mqtt://LAPTOP-9CTV1VL9:1883?maximumConnections=1000&wireFormat.maxFrameSize=104857600 | org.apache.activemq.transport.TransportServerThreadSupport | main
2023-10-09 09:55:51,778 | INFO  | Connector mqtt started | org.apache.activemq.broker.TransportConnector | main
2023-10-09 09:55:51,785 | INFO  | Starting Jetty server | org.apache.activemq.transport.WebTransportServerSupport | main
2023-10-09 09:55:51,817 | INFO  | Creating Jetty connector | org.apache.activemq.transport.WebTransportServerSupport | main
2023-10-09 09:55:51,864 | WARN  | ServletContext@o.e.j.s.ServletContextHandler@5e1d03d7{/,null,STARTING} has uncovered http methods for path: / | org.eclipse.jetty.security.SecurityHandler | main
2023-10-09 09:55:51,935 | INFO  | Listening for connections at ws://LAPTOP-9CTV1VL9:61614?maximumConnections=1000&wireFormat.maxFrameSize=104857600 | org.apache.activemq.transport.ws.WSTransportServer | main
2023-10-09 09:55:51,935 | INFO  | Connector ws started | org.apache.activemq.broker.TransportConnector | main
2023-10-09 09:55:51,935 | INFO  | Apache ActiveMQ 5.18.2 (localhost, ID:LAPTOP-9CTV1VL9-52236-1696838151605-0:1) started | org.apache.activemq.broker.BrokerService | main
2023-10-09 09:55:51,936 | INFO  | For help or more information please see: http://activemq.apache.org | org.apache.activemq.broker.BrokerService | main
2023-10-09 09:55:51,943 | WARN  | Store limit is 102400 mb (current store usage is 0 mb). The data directory: C:\Users\ibrah\OneDrive\Bureau\MWSOC\mwSockets\MOM-JMS\apache-activemq-5.18.2\bin\..\data\kahadb only has 40016 mb of usable space. - resetting to maximum available disk space: 40016 mb | org.apache.activemq.broker.BrokerService | main
2023-10-09 09:55:51,945 | WARN  | Temporary Store limit is 51200 mb (current store usage is 0 mb). The data directory: C:\Users\ibrah\OneDrive\Bureau\MWSOC\mwSockets\MOM-JMS\apache-activemq-5.18.2\bin\..\data only has 40016 mb of usable space. - resetting to maximum available disk space: 40016 mb | org.apache.activemq.broker.BrokerService | main
2023-10-09 09:55:52,477 | INFO  | ActiveMQ WebConsole available at http://127.0.0.1:8161/ | org.apache.activemq.web.WebConsoleStarter | main
2023-10-09 09:55:52,478 | INFO  | ActiveMQ Jolokia REST API available at http://127.0.0.1:8161/api/jolokia/ | org.apache.activemq.web.WebConsoleStarter | main
2023-10-09 10:16:46,715 | INFO  | Connector vm://localhost started | org.apache.activemq.broker.TransportConnector | qtp989321301-58
2023-10-09 10:52:55,783 | WARN  | /admin/deleteDestination.action | org.eclipse.jetty.server.HttpChannel | qtp989321301-226
javax.servlet.ServletException: javax.servlet.ServletException: org.springframework.web.util.NestedServletException: Request processing failed; nested exception is java.lang.UnsupportedOperationException: Possible CSRF attack
	at org.eclipse.jetty.server.handler.HandlerCollection.handle(HandlerCollection.java:162)
	at org.eclipse.jetty.server.handler.HandlerWrapper.handle(HandlerWrapper.java:127)
	at org.eclipse.jetty.server.Server.handle(Server.java:516)
	at org.eclipse.jetty.server.HttpChannel.lambda$handle$1(HttpChannel.java:487)
	at org.eclipse.jetty.server.HttpChannel.dispatch(HttpChannel.java:732)
	at org.eclipse.jetty.server.HttpChannel.handle(HttpChannel.java:479)
	at org.eclipse.jetty.server.HttpConnection.onFillable(HttpConnection.java:277)
	at org.eclipse.jetty.io.AbstractConnection$ReadCallback.succeeded(AbstractConnection.java:311)
	at org.eclipse.jetty.io.FillInterest.fillable(FillInterest.java:105)
	at org.eclipse.jetty.io.ChannelEndPoint$1.run(ChannelEndPoint.java:104)
	at org.eclipse.jetty.util.thread.strategy.EatWhatYouKill.runTask(EatWhatYouKill.java:338)
	at org.eclipse.jetty.util.thread.strategy.EatWhatYouKill.doProduce(EatWhatYouKill.java:315)
	at org.eclipse.jetty.util.thread.strategy.EatWhatYouKill.tryProduce(EatWhatYouKill.java:173)
	at org.eclipse.jetty.util.thread.strategy.EatWhatYouKill.run(EatWhatYouKill.java:131)
	at org.eclipse.jetty.util.thread.ReservedThreadExecutor$ReservedThread.run(ReservedThreadExecutor.java:409)
	at org.eclipse.jetty.util.thread.QueuedThreadPool.runJob(QueuedThreadPool.java:883)
	at org.eclipse.jetty.util.thread.QueuedThreadPool$Runner.run(QueuedThreadPool.java:1034)
	at java.base/java.lang.Thread.run(Thread.java:833)
Caused by: javax.servlet.ServletException: org.springframework.web.util.NestedServletException: Request processing failed; nested exception is java.lang.UnsupportedOperationException: Possible CSRF attack
	at org.eclipse.jetty.server.handler.HandlerCollection.handle(HandlerCollection.java:162)
	at org.eclipse.jetty.security.SecurityHandler.handle(SecurityHandler.java:560)
	at org.eclipse.jetty.server.handler.HandlerCollection.handle(HandlerCollection.java:146)
	... 17 more
Caused by: org.springframework.web.util.NestedServletException: Request processing failed; nested exception is java.lang.UnsupportedOperationException: Possible CSRF attack
	at org.springframework.web.servlet.FrameworkServlet.processRequest(FrameworkServlet.java:1014)
	at org.springframework.web.servlet.FrameworkServlet.doGet(FrameworkServlet.java:898)
	at javax.servlet.http.HttpServlet.service(HttpServlet.java:655)
	at org.springframework.web.servlet.FrameworkServlet.service(FrameworkServlet.java:883)
	at javax.servlet.http.HttpServlet.service(HttpServlet.java:764)
	at org.eclipse.jetty.servlet.ServletHolder$NotAsync.service(ServletHolder.java:1459)
	at org.eclipse.jetty.servlet.ServletHolder.handle(ServletHolder.java:799)
	at org.eclipse.jetty.servlet.ServletHandler$ChainEnd.doFilter(ServletHandler.java:1656)
	at org.apache.activemq.web.AuditFilter.doFilter(AuditFilter.java:59)
	at org.eclipse.jetty.servlet.FilterHolder.doFilter(FilterHolder.java:193)
	at org.eclipse.jetty.servlet.ServletHandler$Chain.doFilter(ServletHandler.java:1626)
	at org.springframework.web.filter.RequestContextFilter.doFilterInternal(RequestContextFilter.java:100)
	at org.springframework.web.filter.OncePerRequestFilter.doFilter(OncePerRequestFilter.java:117)
	at org.eclipse.jetty.servlet.FilterHolder.doFilter(FilterHolder.java:193)
	at org.eclipse.jetty.servlet.ServletHandler$Chain.doFilter(ServletHandler.java:1626)
	at org.apache.activemq.web.filter.ApplicationContextFilter.doFilter(ApplicationContextFilter.java:102)
	at org.eclipse.jetty.servlet.FilterHolder.doFilter(FilterHolder.java:201)
	at org.eclipse.jetty.servlet.ServletHandler$Chain.doFilter(ServletHandler.java:1626)
	at org.eclipse.jetty.servlet.ServletHandler.doHandle(ServletHandler.java:552)
	at org.eclipse.jetty.server.handler.ScopedHandler.handle(ScopedHandler.java:143)
	at org.eclipse.jetty.security.SecurityHandler.handle(SecurityHandler.java:560)
	at org.eclipse.jetty.server.handler.HandlerWrapper.handle(HandlerWrapper.java:127)
	at org.eclipse.jetty.server.handler.ScopedHandler.nextHandle(ScopedHandler.java:235)
	at org.eclipse.jetty.server.session.SessionHandler.doHandle(SessionHandler.java:1624)
	at org.eclipse.jetty.server.handler.ScopedHandler.nextHandle(ScopedHandler.java:233)
	at org.eclipse.jetty.server.handler.ContextHandler.doHandle(ContextHandler.java:1440)
	at org.eclipse.jetty.server.handler.ScopedHandler.nextScope(ScopedHandler.java:188)
	at org.eclipse.jetty.servlet.ServletHandler.doScope(ServletHandler.java:505)
	at org.eclipse.jetty.server.session.SessionHandler.doScope(SessionHandler.java:1594)
	at org.eclipse.jetty.server.handler.ScopedHandler.nextScope(ScopedHandler.java:186)
	at org.eclipse.jetty.server.handler.ContextHandler.doScope(ContextHandler.java:1355)
	at org.eclipse.jetty.server.handler.ScopedHandler.handle(ScopedHandler.java:141)
	at org.eclipse.jetty.server.handler.HandlerCollection.handle(HandlerCollection.java:146)
	... 19 more
Caused by: java.lang.UnsupportedOperationException: Possible CSRF attack
	at org.apache.activemq.web.handler.BindingBeanNameUrlHandlerMapping.getHandlerInternal(BindingBeanNameUrlHandlerMapping.java:59)
	at org.springframework.web.servlet.handler.AbstractHandlerMapping.getHandler(AbstractHandlerMapping.java:498)
	at org.springframework.web.servlet.DispatcherServlet.getHandler(DispatcherServlet.java:1266)
	at org.springframework.web.servlet.DispatcherServlet.doDispatch(DispatcherServlet.java:1048)
	at org.springframework.web.servlet.DispatcherServlet.doService(DispatcherServlet.java:965)
	at org.springframework.web.servlet.FrameworkServlet.processRequest(FrameworkServlet.java:1006)
	... 51 more
2023-10-09 11:35:20,032 | INFO  | Connector vm://localhost stopped | org.apache.activemq.broker.TransportConnector | Session-HouseKeeper-33a55bd8-1
2023-10-13 14:22:26,972 | INFO  | Using Persistence Adapter: KahaDBPersistenceAdapter[C:\Users\ibrah\OneDrive\Bureau\MWSOC\mwSockets\MOM-JMS\apache-activemq-5.18.2\bin\..\data\kahadb] | org.apache.activemq.broker.BrokerService | main
2023-10-13 14:22:26,978 | INFO  | Starting Persistence Adapter: KahaDBPersistenceAdapter[C:\Users\ibrah\OneDrive\Bureau\MWSOC\mwSockets\MOM-JMS\apache-activemq-5.18.2\bin\..\data\kahadb] | org.apache.activemq.broker.BrokerService | main
2023-10-13 14:22:27,002 | INFO  | Starting KahaDBStore | org.apache.activemq.store.kahadb.KahaDBStore | main
2023-10-13 14:22:27,002 | INFO  | Opening MessageDatabase | org.apache.activemq.store.kahadb.MessageDatabase | main
2023-10-13 14:22:27,050 | INFO  | Page File: C:\Users\ibrah\OneDrive\Bureau\MWSOC\mwSockets\MOM-JMS\apache-activemq-5.18.2\bin\..\data\kahadb\db.data. Recovering pageFile free list due to prior unclean shutdown.. | org.apache.activemq.store.kahadb.disk.page.PageFile | KahaDB Index Free Page Recovery
2023-10-13 14:22:27,060 | INFO  | Page File: C:\Users\ibrah\OneDrive\Bureau\MWSOC\mwSockets\MOM-JMS\apache-activemq-5.18.2\bin\..\data\kahadb\db.data. Recovered pageFile free list of size: 12 | org.apache.activemq.store.kahadb.disk.page.PageFile | KahaDB Index Free Page Recovery
2023-10-13 14:22:27,060 | INFO  | KahaDB is version 7 | org.apache.activemq.store.kahadb.MessageDatabase | main
2023-10-13 14:22:27,085 | INFO  | Recovering from the journal @1:15184 | org.apache.activemq.store.kahadb.MessageDatabase | main
2023-10-13 14:22:27,092 | INFO  | Recovery replayed 1 operations from the journal in 0.02 seconds. | org.apache.activemq.store.kahadb.MessageDatabase | main
2023-10-13 14:22:27,239 | INFO  | Starting Temp Data Store | org.apache.activemq.broker.BrokerService | main
2023-10-13 14:22:27,239 | INFO  | PListStore:[C:\Users\ibrah\OneDrive\Bureau\MWSOC\mwSockets\MOM-JMS\apache-activemq-5.18.2\bin\..\data\localhost\tmp_storage] started | org.apache.activemq.store.kahadb.plist.PListStoreImpl | main
2023-10-13 14:22:27,240 | INFO  | Starting Job Scheduler Store | org.apache.activemq.broker.BrokerService | main
2023-10-13 14:22:27,240 | INFO  | Persistence Adapter successfully started | org.apache.activemq.broker.BrokerService | main
2023-10-13 14:22:27,385 | INFO  | Apache ActiveMQ 5.18.2 (localhost, ID:LAPTOP-9CTV1VL9-61274-1697199747249-0:1) is starting | org.apache.activemq.broker.BrokerService | main
2023-10-13 14:22:27,436 | INFO  | Listening for connections at: tcp://LAPTOP-9CTV1VL9:61616?maximumConnections=1000&wireFormat.maxFrameSize=104857600 | org.apache.activemq.transport.TransportServerThreadSupport | main
2023-10-13 14:22:27,437 | INFO  | Connector openwire started | org.apache.activemq.broker.TransportConnector | main
2023-10-13 14:22:27,440 | INFO  | Listening for connections at: amqp://LAPTOP-9CTV1VL9:5672?maximumConnections=1000&wireFormat.maxFrameSize=104857600 | org.apache.activemq.transport.TransportServerThreadSupport | main
2023-10-13 14:22:27,441 | INFO  | Connector amqp started | org.apache.activemq.broker.TransportConnector | main
2023-10-13 14:22:27,444 | INFO  | Listening for connections at: stomp://LAPTOP-9CTV1VL9:61613?maximumConnections=1000&wireFormat.maxFrameSize=104857600 | org.apache.activemq.transport.TransportServerThreadSupport | main
2023-10-13 14:22:27,444 | INFO  | Connector stomp started | org.apache.activemq.broker.TransportConnector | main
2023-10-13 14:22:27,446 | INFO  | Listening for connections at: mqtt://LAPTOP-9CTV1VL9:1883?maximumConnections=1000&wireFormat.maxFrameSize=104857600 | org.apache.activemq.transport.TransportServerThreadSupport | main
2023-10-13 14:22:27,447 | INFO  | Connector mqtt started | org.apache.activemq.broker.TransportConnector | main
2023-10-13 14:22:27,452 | INFO  | Starting Jetty server | org.apache.activemq.transport.WebTransportServerSupport | main
2023-10-13 14:22:27,489 | INFO  | Creating Jetty connector | org.apache.activemq.transport.WebTransportServerSupport | main
2023-10-13 14:22:27,529 | WARN  | ServletContext@o.e.j.s.ServletContextHandler@561b7d53{/,null,STARTING} has uncovered http methods for path: / | org.eclipse.jetty.security.SecurityHandler | main
2023-10-13 14:22:27,615 | INFO  | Listening for connections at ws://LAPTOP-9CTV1VL9:61614?maximumConnections=1000&wireFormat.maxFrameSize=104857600 | org.apache.activemq.transport.ws.WSTransportServer | main
2023-10-13 14:22:27,615 | INFO  | Connector ws started | org.apache.activemq.broker.TransportConnector | main
2023-10-13 14:22:27,616 | INFO  | Apache ActiveMQ 5.18.2 (localhost, ID:LAPTOP-9CTV1VL9-61274-1697199747249-0:1) started | org.apache.activemq.broker.BrokerService | main
2023-10-13 14:22:27,616 | INFO  | For help or more information please see: http://activemq.apache.org | org.apache.activemq.broker.BrokerService | main
2023-10-13 14:22:27,624 | WARN  | Store limit is 102400 mb (current store usage is 0 mb). The data directory: C:\Users\ibrah\OneDrive\Bureau\MWSOC\mwSockets\MOM-JMS\apache-activemq-5.18.2\bin\..\data\kahadb only has 34108 mb of usable space. - resetting to maximum available disk space: 34108 mb | org.apache.activemq.broker.BrokerService | main
2023-10-13 14:22:27,627 | WARN  | Temporary Store limit is 51200 mb (current store usage is 0 mb). The data directory: C:\Users\ibrah\OneDrive\Bureau\MWSOC\mwSockets\MOM-JMS\apache-activemq-5.18.2\bin\..\data only has 34108 mb of usable space. - resetting to maximum available disk space: 34108 mb | org.apache.activemq.broker.BrokerService | main
2023-10-13 14:22:28,182 | INFO  | ActiveMQ WebConsole available at http://127.0.0.1:8161/ | org.apache.activemq.web.WebConsoleStarter | main
2023-10-13 14:22:28,182 | INFO  | ActiveMQ Jolokia REST API available at http://127.0.0.1:8161/api/jolokia/ | org.apache.activemq.web.WebConsoleStarter | main
2023-10-16 09:35:36,457 | INFO  | Using Persistence Adapter: KahaDBPersistenceAdapter[C:\Users\ibrah\OneDrive\Bureau\MWSOC\mwSockets\MOM-JMS\apache-activemq-5.18.2\bin\..\data\kahadb] | org.apache.activemq.broker.BrokerService | main
2023-10-16 09:35:36,457 | INFO  | Starting Persistence Adapter: KahaDBPersistenceAdapter[C:\Users\ibrah\OneDrive\Bureau\MWSOC\mwSockets\MOM-JMS\apache-activemq-5.18.2\bin\..\data\kahadb] | org.apache.activemq.broker.BrokerService | main
2023-10-16 09:35:36,490 | INFO  | Starting KahaDBStore | org.apache.activemq.store.kahadb.KahaDBStore | main
2023-10-16 09:35:36,490 | INFO  | Opening MessageDatabase | org.apache.activemq.store.kahadb.MessageDatabase | main
2023-10-16 09:35:36,536 | INFO  | Page File: C:\Users\ibrah\OneDrive\Bureau\MWSOC\mwSockets\MOM-JMS\apache-activemq-5.18.2\bin\..\data\kahadb\db.data. Recovering pageFile free list due to prior unclean shutdown.. | org.apache.activemq.store.kahadb.disk.page.PageFile | KahaDB Index Free Page Recovery
2023-10-16 09:35:36,549 | INFO  | KahaDB is version 7 | org.apache.activemq.store.kahadb.MessageDatabase | main
2023-10-16 09:35:36,549 | INFO  | Page File: C:\Users\ibrah\OneDrive\Bureau\MWSOC\mwSockets\MOM-JMS\apache-activemq-5.18.2\bin\..\data\kahadb\db.data. Recovered pageFile free list of size: 0 | org.apache.activemq.store.kahadb.disk.page.PageFile | KahaDB Index Free Page Recovery
2023-10-16 09:35:36,721 | INFO  | Starting Temp Data Store | org.apache.activemq.broker.BrokerService | main
2023-10-16 09:35:36,721 | INFO  | PListStore:[C:\Users\ibrah\OneDrive\Bureau\MWSOC\mwSockets\MOM-JMS\apache-activemq-5.18.2\bin\..\data\localhost\tmp_storage] started | org.apache.activemq.store.kahadb.plist.PListStoreImpl | main
2023-10-16 09:35:36,721 | INFO  | Starting Job Scheduler Store | org.apache.activemq.broker.BrokerService | main
2023-10-16 09:35:36,721 | INFO  | Persistence Adapter successfully started | org.apache.activemq.broker.BrokerService | main
2023-10-16 09:35:36,862 | INFO  | Apache ActiveMQ 5.18.2 (localhost, ID:LAPTOP-9CTV1VL9-57992-1697441736737-0:1) is starting | org.apache.activemq.broker.BrokerService | main
2023-10-16 09:35:36,941 | INFO  | Listening for connections at: tcp://LAPTOP-9CTV1VL9:61616?maximumConnections=1000&wireFormat.maxFrameSize=104857600 | org.apache.activemq.transport.TransportServerThreadSupport | main
2023-10-16 09:35:36,941 | INFO  | Connector openwire started | org.apache.activemq.broker.TransportConnector | main
2023-10-16 09:35:36,941 | INFO  | Listening for connections at: amqp://LAPTOP-9CTV1VL9:5672?maximumConnections=1000&wireFormat.maxFrameSize=104857600 | org.apache.activemq.transport.TransportServerThreadSupport | main
2023-10-16 09:35:36,941 | INFO  | Connector amqp started | org.apache.activemq.broker.TransportConnector | main
2023-10-16 09:35:36,941 | INFO  | Listening for connections at: stomp://LAPTOP-9CTV1VL9:61613?maximumConnections=1000&wireFormat.maxFrameSize=104857600 | org.apache.activemq.transport.TransportServerThreadSupport | main
2023-10-16 09:35:36,941 | INFO  | Connector stomp started | org.apache.activemq.broker.TransportConnector | main
2023-10-16 09:35:36,956 | INFO  | Listening for connections at: mqtt://LAPTOP-9CTV1VL9:1883?maximumConnections=1000&wireFormat.maxFrameSize=104857600 | org.apache.activemq.transport.TransportServerThreadSupport | main
2023-10-16 09:35:36,956 | INFO  | Connector mqtt started | org.apache.activemq.broker.TransportConnector | main
2023-10-16 09:35:36,956 | INFO  | Starting Jetty server | org.apache.activemq.transport.WebTransportServerSupport | main
2023-10-16 09:35:36,987 | INFO  | Creating Jetty connector | org.apache.activemq.transport.WebTransportServerSupport | main
2023-10-16 09:35:37,034 | WARN  | ServletContext@o.e.j.s.ServletContextHandler@74fab04a{/,null,STARTING} has uncovered http methods for path: / | org.eclipse.jetty.security.SecurityHandler | main
2023-10-16 09:35:37,128 | INFO  | Listening for connections at ws://LAPTOP-9CTV1VL9:61614?maximumConnections=1000&wireFormat.maxFrameSize=104857600 | org.apache.activemq.transport.ws.WSTransportServer | main
2023-10-16 09:35:37,128 | INFO  | Connector ws started | org.apache.activemq.broker.TransportConnector | main
2023-10-16 09:35:37,128 | INFO  | Apache ActiveMQ 5.18.2 (localhost, ID:LAPTOP-9CTV1VL9-57992-1697441736737-0:1) started | org.apache.activemq.broker.BrokerService | main
2023-10-16 09:35:37,128 | INFO  | For help or more information please see: http://activemq.apache.org | org.apache.activemq.broker.BrokerService | main
2023-10-16 09:35:37,128 | WARN  | Store limit is 102400 mb (current store usage is 0 mb). The data directory: C:\Users\ibrah\OneDrive\Bureau\MWSOC\mwSockets\MOM-JMS\apache-activemq-5.18.2\bin\..\data\kahadb only has 36950 mb of usable space. - resetting to maximum available disk space: 36950 mb | org.apache.activemq.broker.BrokerService | main
2023-10-16 09:35:37,128 | WARN  | Temporary Store limit is 51200 mb (current store usage is 0 mb). The data directory: C:\Users\ibrah\OneDrive\Bureau\MWSOC\mwSockets\MOM-JMS\apache-activemq-5.18.2\bin\..\data only has 36949 mb of usable space. - resetting to maximum available disk space: 36949 mb | org.apache.activemq.broker.BrokerService | main
2023-10-16 09:35:37,755 | INFO  | ActiveMQ WebConsole available at http://127.0.0.1:8161/ | org.apache.activemq.web.WebConsoleStarter | main
2023-10-16 09:35:37,755 | INFO  | ActiveMQ Jolokia REST API available at http://127.0.0.1:8161/api/jolokia/ | org.apache.activemq.web.WebConsoleStarter | main
